<?xml version="1.0" encoding="UTF-8"?>
<!-- Generated by org.testng.reporters.JUnitReportReporter -->
<testsuite hostname="LAPTOP-6I2ERQM6" failures="0" tests="3" name="test12.VerificationOfHomepage" time="29.895" errors="0" timestamp="2023-09-20T09:25:52 IST" skipped="0">
  <testcase classname="test12.VerificationOfHomepage" name="ToverifyTheReportsButton" time="12.790"/>
  <system-out/>
  <testcase classname="test12.VerificationOfHomepage" name="ToverifytheTaskButton" time="8.435"/>
  <system-out/>
  <testcase classname="test12.VerificationOfHomepage" name="ToverifytheTaskButton" time="8.670"/>
  <system-out/>
</testsuite> <!-- test12.VerificationOfHomepage -->
