<?xml version="1.0" encoding="UTF-8"?>
<!-- Generated by org.testng.reporters.JUnitReportReporter -->
<testsuite hostname="LAPTOP-6I2ERQM6" failures="0" tests="3" name="test12.VerificationOfHomepage" time="32.810" errors="0" timestamp="2023-08-07T12:22:52 IST" skipped="0">
  <testcase classname="test12.VerificationOfHomepage" name="ToverifyTheReportsButton" time="9.603"/>
  <system-out/>
  <testcase classname="test12.VerificationOfHomepage" name="ToverifytheTaskButton" time="8.313"/>
  <system-out/>
  <testcase classname="test12.VerificationOfHomepage" name="ToverifytheTaskButton" time="14.894"/>
  <system-out/>
</testsuite> <!-- test12.VerificationOfHomepage -->
