<?xml version="1.0" encoding="UTF-8"?>
<!-- Generated by org.testng.reporters.JUnitReportReporter -->
<testsuite hostname="LAPTOP-6I2ERQM6" failures="0" tests="9" name="test12.TestNg" time="4.532" errors="0" timestamp="2023-07-28T10:46:13 IST" skipped="1">
  <testcase classname="test12.TestNg" name="TestA" time="0.001"/>
  <system-out/>
  <testcase classname="test12.TestNg" name="TestB" time="4.523"/>
  <system-out/>
  <testcase classname="test12.TestNg" name="TestC" time="0.002"/>
  <system-out/>
  <testcase classname="test12.TestNg" name="TestD" time="0.001"/>
  <system-out/>
  <testcase classname="test12.TestNg" name="TestD" time="0.001"/>
  <system-out/>
  <testcase classname="test12.TestNg" name="TestD" time="0.002"/>
  <system-out/>
  <testcase classname="test12.TestNg" name="TestD" time="0.001"/>
  <system-out/>
  <testcase classname="test12.TestNg" name="TestD" time="0.001"/>
  <system-out/>
  <testcase classname="test12.TestNg" name="TestE">
    <skipped/>
  </testcase> <!-- TestE -->
  <system-out/>
</testsuite> <!-- test12.TestNg -->
